[33m[1mCMake Warning[0m at /opt/ros/kinetic/share/catkin/cmake/catkinConfig.cmake:76 (find_package):
  Could not find a package configuration file provided by "cmake_modules"
  with any of the following names:

    cmake_modulesConfig.cmake
    cmake_modules-config.cmake

  Add the installation prefix of "cmake_modules" to CMAKE_PREFIX_PATH or set
  "cmake_modules_DIR" to a directory containing one of the above files.  If
  "cmake_modules" provides a separate development package or SDK, be sure it
  has been installed.
[36mCall Stack (most recent call first):[0m
  CMakeLists.txt:4 (find_package)


[31m[1mCMake Error[0m at /opt/ros/kinetic/share/catkin/cmake/catkinConfig.cmake:83 (find_package):
  Could not find a package configuration file provided by "cmake_modules"
  with any of the following names:

    cmake_modulesConfig.cmake
    cmake_modules-config.cmake

  Add the installation prefix of "cmake_modules" to CMAKE_PREFIX_PATH or set
  "cmake_modules_DIR" to a directory containing one of the above files.  If
  "cmake_modules" provides a separate development package or SDK, be sure it
  has been installed.
[36mCall Stack (most recent call first):[0m
  CMakeLists.txt:4 (find_package)


