Determining if the pthread_create exist failed with the following output:
Change Dir: /home/carlos/bebop_ws/build/bebop_description/CMakeFiles/CMakeTmp

Run Build Command:"/usr/bin/make" "cmTC_afa21/fast"
/usr/bin/make -f CMakeFiles/cmTC_afa21.dir/build.make CMakeFiles/cmTC_afa21.dir/build
make[1]: se entra en el directorio '/home/carlos/bebop_ws/build/bebop_description/CMakeFiles/CMakeTmp'
Building C object CMakeFiles/cmTC_afa21.dir/CheckSymbolExists.c.o
/usr/bin/cc     -o CMakeFiles/cmTC_afa21.dir/CheckSymbolExists.c.o   -c /home/carlos/bebop_ws/build/bebop_description/CMakeFiles/CMakeTmp/CheckSymbolExists.c
Linking C executable cmTC_afa21
/usr/bin/cmake -E cmake_link_script CMakeFiles/cmTC_afa21.dir/link.txt --verbose=1
/usr/bin/cc       CMakeFiles/cmTC_afa21.dir/CheckSymbolExists.c.o  -o cmTC_afa21 -rdynamic 
CMakeFiles/cmTC_afa21.dir/CheckSymbolExists.c.o: En la función `main':
CheckSymbolExists.c:(.text+0x16): referencia a `pthread_create' sin definir
collect2: error: ld returned 1 exit status
CMakeFiles/cmTC_afa21.dir/build.make:97: fallo en las instrucciones para el objetivo 'cmTC_afa21'
make[1]: *** [cmTC_afa21] Error 1
make[1]: se sale del directorio '/home/carlos/bebop_ws/build/bebop_description/CMakeFiles/CMakeTmp'
Makefile:126: fallo en las instrucciones para el objetivo 'cmTC_afa21/fast'
make: *** [cmTC_afa21/fast] Error 2

File /home/carlos/bebop_ws/build/bebop_description/CMakeFiles/CMakeTmp/CheckSymbolExists.c:
/* */
#include <pthread.h>

int main(int argc, char** argv)
{
  (void)argv;
#ifndef pthread_create
  return ((int*)(&pthread_create))[argc];
#else
  (void)argc;
  return 0;
#endif
}

Determining if the function pthread_create exists in the pthreads failed with the following output:
Change Dir: /home/carlos/bebop_ws/build/bebop_description/CMakeFiles/CMakeTmp

Run Build Command:"/usr/bin/make" "cmTC_95063/fast"
/usr/bin/make -f CMakeFiles/cmTC_95063.dir/build.make CMakeFiles/cmTC_95063.dir/build
make[1]: se entra en el directorio '/home/carlos/bebop_ws/build/bebop_description/CMakeFiles/CMakeTmp'
Building C object CMakeFiles/cmTC_95063.dir/CheckFunctionExists.c.o
/usr/bin/cc    -DCHECK_FUNCTION_EXISTS=pthread_create   -o CMakeFiles/cmTC_95063.dir/CheckFunctionExists.c.o   -c /usr/share/cmake-3.5/Modules/CheckFunctionExists.c
Linking C executable cmTC_95063
/usr/bin/cmake -E cmake_link_script CMakeFiles/cmTC_95063.dir/link.txt --verbose=1
/usr/bin/cc   -DCHECK_FUNCTION_EXISTS=pthread_create    CMakeFiles/cmTC_95063.dir/CheckFunctionExists.c.o  -o cmTC_95063 -rdynamic -lpthreads 
/usr/bin/ld: no se puede encontrar -lpthreads
collect2: error: ld returned 1 exit status
CMakeFiles/cmTC_95063.dir/build.make:97: fallo en las instrucciones para el objetivo 'cmTC_95063'
make[1]: *** [cmTC_95063] Error 1
make[1]: se sale del directorio '/home/carlos/bebop_ws/build/bebop_description/CMakeFiles/CMakeTmp'
Makefile:126: fallo en las instrucciones para el objetivo 'cmTC_95063/fast'
make: *** [cmTC_95063/fast] Error 2


