Determining if the pthread_create exist failed with the following output:
Change Dir: /home/carlos/bebop_ws/build/rotors_joy_interface/CMakeFiles/CMakeTmp

Run Build Command:"/usr/bin/make" "cmTC_685ce/fast"
/usr/bin/make -f CMakeFiles/cmTC_685ce.dir/build.make CMakeFiles/cmTC_685ce.dir/build
make[1]: se entra en el directorio '/home/carlos/bebop_ws/build/rotors_joy_interface/CMakeFiles/CMakeTmp'
Building C object CMakeFiles/cmTC_685ce.dir/CheckSymbolExists.c.o
/usr/bin/cc     -o CMakeFiles/cmTC_685ce.dir/CheckSymbolExists.c.o   -c /home/carlos/bebop_ws/build/rotors_joy_interface/CMakeFiles/CMakeTmp/CheckSymbolExists.c
Linking C executable cmTC_685ce
/usr/bin/cmake -E cmake_link_script CMakeFiles/cmTC_685ce.dir/link.txt --verbose=1
/usr/bin/cc       CMakeFiles/cmTC_685ce.dir/CheckSymbolExists.c.o  -o cmTC_685ce -rdynamic 
CMakeFiles/cmTC_685ce.dir/CheckSymbolExists.c.o: En la función `main':
CheckSymbolExists.c:(.text+0x16): referencia a `pthread_create' sin definir
collect2: error: ld returned 1 exit status
CMakeFiles/cmTC_685ce.dir/build.make:97: fallo en las instrucciones para el objetivo 'cmTC_685ce'
make[1]: *** [cmTC_685ce] Error 1
make[1]: se sale del directorio '/home/carlos/bebop_ws/build/rotors_joy_interface/CMakeFiles/CMakeTmp'
Makefile:126: fallo en las instrucciones para el objetivo 'cmTC_685ce/fast'
make: *** [cmTC_685ce/fast] Error 2

File /home/carlos/bebop_ws/build/rotors_joy_interface/CMakeFiles/CMakeTmp/CheckSymbolExists.c:
/* */
#include <pthread.h>

int main(int argc, char** argv)
{
  (void)argv;
#ifndef pthread_create
  return ((int*)(&pthread_create))[argc];
#else
  (void)argc;
  return 0;
#endif
}

Determining if the function pthread_create exists in the pthreads failed with the following output:
Change Dir: /home/carlos/bebop_ws/build/rotors_joy_interface/CMakeFiles/CMakeTmp

Run Build Command:"/usr/bin/make" "cmTC_69a05/fast"
/usr/bin/make -f CMakeFiles/cmTC_69a05.dir/build.make CMakeFiles/cmTC_69a05.dir/build
make[1]: se entra en el directorio '/home/carlos/bebop_ws/build/rotors_joy_interface/CMakeFiles/CMakeTmp'
Building C object CMakeFiles/cmTC_69a05.dir/CheckFunctionExists.c.o
/usr/bin/cc    -DCHECK_FUNCTION_EXISTS=pthread_create   -o CMakeFiles/cmTC_69a05.dir/CheckFunctionExists.c.o   -c /usr/share/cmake-3.5/Modules/CheckFunctionExists.c
Linking C executable cmTC_69a05
/usr/bin/cmake -E cmake_link_script CMakeFiles/cmTC_69a05.dir/link.txt --verbose=1
/usr/bin/cc   -DCHECK_FUNCTION_EXISTS=pthread_create    CMakeFiles/cmTC_69a05.dir/CheckFunctionExists.c.o  -o cmTC_69a05 -rdynamic -lpthreads 
/usr/bin/ld: no se puede encontrar -lpthreads
collect2: error: ld returned 1 exit status
CMakeFiles/cmTC_69a05.dir/build.make:97: fallo en las instrucciones para el objetivo 'cmTC_69a05'
make[1]: *** [cmTC_69a05] Error 1
make[1]: se sale del directorio '/home/carlos/bebop_ws/build/rotors_joy_interface/CMakeFiles/CMakeTmp'
Makefile:126: fallo en las instrucciones para el objetivo 'cmTC_69a05/fast'
make: *** [cmTC_69a05/fast] Error 2


