Determining if the pthread_create exist failed with the following output:
Change Dir: /home/carlos/bebop_ws/build/bebop_tools/CMakeFiles/CMakeTmp

Run Build Command:"/usr/bin/make" "cmTC_2a3be/fast"
/usr/bin/make -f CMakeFiles/cmTC_2a3be.dir/build.make CMakeFiles/cmTC_2a3be.dir/build
make[1]: se entra en el directorio '/home/carlos/bebop_ws/build/bebop_tools/CMakeFiles/CMakeTmp'
Building C object CMakeFiles/cmTC_2a3be.dir/CheckSymbolExists.c.o
/usr/bin/cc     -o CMakeFiles/cmTC_2a3be.dir/CheckSymbolExists.c.o   -c /home/carlos/bebop_ws/build/bebop_tools/CMakeFiles/CMakeTmp/CheckSymbolExists.c
Linking C executable cmTC_2a3be
/usr/bin/cmake -E cmake_link_script CMakeFiles/cmTC_2a3be.dir/link.txt --verbose=1
/usr/bin/cc       CMakeFiles/cmTC_2a3be.dir/CheckSymbolExists.c.o  -o cmTC_2a3be -rdynamic 
CMakeFiles/cmTC_2a3be.dir/CheckSymbolExists.c.o: En la función `main':
CheckSymbolExists.c:(.text+0x16): referencia a `pthread_create' sin definir
collect2: error: ld returned 1 exit status
CMakeFiles/cmTC_2a3be.dir/build.make:97: fallo en las instrucciones para el objetivo 'cmTC_2a3be'
make[1]: *** [cmTC_2a3be] Error 1
make[1]: se sale del directorio '/home/carlos/bebop_ws/build/bebop_tools/CMakeFiles/CMakeTmp'
Makefile:126: fallo en las instrucciones para el objetivo 'cmTC_2a3be/fast'
make: *** [cmTC_2a3be/fast] Error 2

File /home/carlos/bebop_ws/build/bebop_tools/CMakeFiles/CMakeTmp/CheckSymbolExists.c:
/* */
#include <pthread.h>

int main(int argc, char** argv)
{
  (void)argv;
#ifndef pthread_create
  return ((int*)(&pthread_create))[argc];
#else
  (void)argc;
  return 0;
#endif
}

Determining if the function pthread_create exists in the pthreads failed with the following output:
Change Dir: /home/carlos/bebop_ws/build/bebop_tools/CMakeFiles/CMakeTmp

Run Build Command:"/usr/bin/make" "cmTC_75481/fast"
/usr/bin/make -f CMakeFiles/cmTC_75481.dir/build.make CMakeFiles/cmTC_75481.dir/build
make[1]: se entra en el directorio '/home/carlos/bebop_ws/build/bebop_tools/CMakeFiles/CMakeTmp'
Building C object CMakeFiles/cmTC_75481.dir/CheckFunctionExists.c.o
/usr/bin/cc    -DCHECK_FUNCTION_EXISTS=pthread_create   -o CMakeFiles/cmTC_75481.dir/CheckFunctionExists.c.o   -c /usr/share/cmake-3.5/Modules/CheckFunctionExists.c
Linking C executable cmTC_75481
/usr/bin/cmake -E cmake_link_script CMakeFiles/cmTC_75481.dir/link.txt --verbose=1
/usr/bin/cc   -DCHECK_FUNCTION_EXISTS=pthread_create    CMakeFiles/cmTC_75481.dir/CheckFunctionExists.c.o  -o cmTC_75481 -rdynamic -lpthreads 
/usr/bin/ld: no se puede encontrar -lpthreads
collect2: error: ld returned 1 exit status
CMakeFiles/cmTC_75481.dir/build.make:97: fallo en las instrucciones para el objetivo 'cmTC_75481'
make[1]: *** [cmTC_75481] Error 1
make[1]: se sale del directorio '/home/carlos/bebop_ws/build/bebop_tools/CMakeFiles/CMakeTmp'
Makefile:126: fallo en las instrucciones para el objetivo 'cmTC_75481/fast'
make: *** [cmTC_75481/fast] Error 2


