[35m[1mScanning dependencies of target mav_msgs_generate_messages_py[0m
[  0%] Built target mav_msgs_generate_messages_py
[35m[1mScanning dependencies of target _planning_msgs_generate_messages_check_deps_PolynomialSegment4D[0m
[  0%] Built target _planning_msgs_generate_messages_check_deps_PolynomialSegment4D
[35m[1mScanning dependencies of target geometry_msgs_generate_messages_py[0m
[  0%] Built target geometry_msgs_generate_messages_py
[35m[1mScanning dependencies of target sensor_msgs_generate_messages_py[0m
[35m[1mScanning dependencies of target trajectory_msgs_generate_messages_py[0m
[35m[1mScanning dependencies of target _planning_msgs_generate_messages_check_deps_PlannerService[0m
[  0%] Built target sensor_msgs_generate_messages_py
[  0%] Built target trajectory_msgs_generate_messages_py
[  0%] Built target _planning_msgs_generate_messages_check_deps_PlannerService
[35m[1mScanning dependencies of target _planning_msgs_generate_messages_check_deps_PolynomialTrajectory4D[0m
[35m[1mScanning dependencies of target _planning_msgs_generate_messages_check_deps_PointCloudWithPose[0m
[  0%] Built target _planning_msgs_generate_messages_check_deps_PolynomialTrajectory4D
[  0%] Built target _planning_msgs_generate_messages_check_deps_PointCloudWithPose
[35m[1mScanning dependencies of target mav_msgs_generate_messages_lisp[0m
[  0%] Built target mav_msgs_generate_messages_lisp
[35m[1mScanning dependencies of target sensor_msgs_generate_messages_lisp[0m
[  0%] Built target sensor_msgs_generate_messages_lisp
[35m[1mScanning dependencies of target geometry_msgs_generate_messages_lisp[0m
[  0%] Built target geometry_msgs_generate_messages_lisp
[35m[1mScanning dependencies of target trajectory_msgs_generate_messages_lisp[0m
[35m[1mScanning dependencies of target sensor_msgs_generate_messages_cpp[0m
[  0%] Built target trajectory_msgs_generate_messages_lisp
[  0%] Built target sensor_msgs_generate_messages_cpp
[35m[1mScanning dependencies of target geometry_msgs_generate_messages_cpp[0m
[  0%] Built target geometry_msgs_generate_messages_cpp
[35m[1mScanning dependencies of target trajectory_msgs_generate_messages_cpp[0m
[  0%] Built target trajectory_msgs_generate_messages_cpp
[35m[1mScanning dependencies of target mav_msgs_generate_messages_cpp[0m
[  0%] Built target mav_msgs_generate_messages_cpp
[35m[1mScanning dependencies of target geometry_msgs_generate_messages_eus[0m
[  0%] Built target geometry_msgs_generate_messages_eus
[35m[1mScanning dependencies of target mav_msgs_generate_messages_eus[0m
[  0%] Built target mav_msgs_generate_messages_eus
[35m[1mScanning dependencies of target trajectory_msgs_generate_messages_eus[0m
[  0%] Built target trajectory_msgs_generate_messages_eus
[35m[1mScanning dependencies of target sensor_msgs_generate_messages_eus[0m
[  0%] Built target sensor_msgs_generate_messages_eus
[35m[1mScanning dependencies of target trajectory_msgs_generate_messages_nodejs[0m
[  0%] Built target trajectory_msgs_generate_messages_nodejs
[35m[1mScanning dependencies of target sensor_msgs_generate_messages_nodejs[0m
[  0%] Built target sensor_msgs_generate_messages_nodejs
[35m[1mScanning dependencies of target geometry_msgs_generate_messages_nodejs[0m
[  0%] Built target geometry_msgs_generate_messages_nodejs
[35m[1mScanning dependencies of target mav_msgs_generate_messages_nodejs[0m
[  0%] Built target mav_msgs_generate_messages_nodejs
[35m[1mScanning dependencies of target planning_msgs_generate_messages_py[0m
[  4%] [34m[1mGenerating Python from MSG planning_msgs/PolynomialTrajectory4D[0m
[35m[1mScanning dependencies of target planning_msgs_generate_messages_lisp[0m
[  8%] [34m[1mGenerating Lisp code from planning_msgs/PolynomialTrajectory4D.msg[0m
[ 13%] [34m[1mGenerating Lisp code from planning_msgs/PolynomialSegment4D.msg[0m
[ 17%] [34m[1mGenerating Lisp code from planning_msgs/PointCloudWithPose.msg[0m
[ 21%] [34m[1mGenerating Lisp code from planning_msgs/PlannerService.srv[0m
[ 26%] [34m[1mGenerating Python from MSG planning_msgs/PointCloudWithPose[0m
[ 26%] Built target planning_msgs_generate_messages_lisp
[35m[1mScanning dependencies of target planning_msgs_generate_messages_cpp[0m
[ 30%] [34m[1mGenerating C++ code from planning_msgs/PolynomialTrajectory4D.msg[0m
[35m[1mScanning dependencies of target planning_msgs_generate_messages_eus[0m
[ 34%] [34m[1mGenerating Python from MSG planning_msgs/PolynomialSegment4D[0m
[ 39%] [34m[1mGenerating EusLisp code from planning_msgs/PolynomialTrajectory4D.msg[0m
[ 43%] [34m[1mGenerating Python code from SRV planning_msgs/PlannerService[0m
[ 47%] [34m[1mGenerating C++ code from planning_msgs/PointCloudWithPose.msg[0m
[ 52%] [34m[1mGenerating EusLisp code from planning_msgs/PointCloudWithPose.msg[0m
[ 56%] [34m[1mGenerating Python msg __init__.py for planning_msgs[0m
[ 60%] [34m[1mGenerating EusLisp code from planning_msgs/PolynomialSegment4D.msg[0m
[ 65%] [34m[1mGenerating C++ code from planning_msgs/PolynomialSegment4D.msg[0m
[ 69%] [34m[1mGenerating EusLisp code from planning_msgs/PlannerService.srv[0m
[ 73%] [34m[1mGenerating Python srv __init__.py for planning_msgs[0m
[ 78%] [34m[1mGenerating EusLisp manifest code for planning_msgs[0m
[ 78%] Built target planning_msgs_generate_messages_py
[35m[1mScanning dependencies of target planning_msgs_generate_messages_nodejs[0m
[ 82%] [34m[1mGenerating Javascript code from planning_msgs/PolynomialTrajectory4D.msg[0m
[ 86%] [34m[1mGenerating C++ code from planning_msgs/PlannerService.srv[0m
[ 91%] [34m[1mGenerating Javascript code from planning_msgs/PointCloudWithPose.msg[0m
[ 95%] [34m[1mGenerating Javascript code from planning_msgs/PolynomialSegment4D.msg[0m
[100%] [34m[1mGenerating Javascript code from planning_msgs/PlannerService.srv[0m
[100%] Built target planning_msgs_generate_messages_nodejs
[100%] Built target planning_msgs_generate_messages_cpp
[100%] Built target planning_msgs_generate_messages_eus
[35m[1mScanning dependencies of target planning_msgs_generate_messages[0m
[100%] Built target planning_msgs_generate_messages
