[  0%] Built target mav_msgs_generate_messages_py
[  0%] Built target sensor_msgs_generate_messages_py
[  0%] Built target trajectory_msgs_generate_messages_py
[  0%] Built target geometry_msgs_generate_messages_py
[  0%] Built target _planning_msgs_generate_messages_check_deps_PolynomialSegment4D
[  0%] Built target sensor_msgs_generate_messages_lisp
[  0%] Built target geometry_msgs_generate_messages_lisp
[  0%] Built target _planning_msgs_generate_messages_check_deps_PlannerService
[  0%] Built target _planning_msgs_generate_messages_check_deps_PolynomialTrajectory4D
[  0%] Built target _planning_msgs_generate_messages_check_deps_PointCloudWithPose
[  0%] Built target mav_msgs_generate_messages_lisp
[  0%] Built target trajectory_msgs_generate_messages_lisp
[  0%] Built target sensor_msgs_generate_messages_cpp
[  0%] Built target geometry_msgs_generate_messages_cpp
[  0%] Built target mav_msgs_generate_messages_cpp
[  0%] Built target trajectory_msgs_generate_messages_cpp
[  0%] Built target geometry_msgs_generate_messages_eus
[  0%] Built target mav_msgs_generate_messages_eus
[  0%] Built target trajectory_msgs_generate_messages_eus
[  0%] Built target sensor_msgs_generate_messages_eus
[  0%] Built target mav_msgs_generate_messages_nodejs
[  0%] Built target trajectory_msgs_generate_messages_nodejs
[  0%] Built target sensor_msgs_generate_messages_nodejs
[  0%] Built target geometry_msgs_generate_messages_nodejs
[ 26%] Built target planning_msgs_generate_messages_py
[ 43%] Built target planning_msgs_generate_messages_lisp
[ 60%] Built target planning_msgs_generate_messages_cpp
[ 82%] Built target planning_msgs_generate_messages_eus
[100%] Built target planning_msgs_generate_messages_nodejs
[100%] Built target planning_msgs_generate_messages
