Symlinking /home/carlos/bebop_ws/devel/lib/pkgconfig/planning_msgs.pc
Symlinking /home/carlos/bebop_ws/devel/lib/python2.7/dist-packages/planning_msgs/__init__.py
Symlinking /home/carlos/bebop_ws/devel/lib/python2.7/dist-packages/planning_msgs/msg/__init__.py
Symlinking /home/carlos/bebop_ws/devel/lib/python2.7/dist-packages/planning_msgs/msg/_PointCloudWithPose.py
Symlinking /home/carlos/bebop_ws/devel/lib/python2.7/dist-packages/planning_msgs/msg/_PolynomialTrajectory4D.py
Symlinking /home/carlos/bebop_ws/devel/lib/python2.7/dist-packages/planning_msgs/msg/_PolynomialSegment4D.py
Symlinking /home/carlos/bebop_ws/devel/lib/python2.7/dist-packages/planning_msgs/srv/_PlannerService.py
Symlinking /home/carlos/bebop_ws/devel/lib/python2.7/dist-packages/planning_msgs/srv/__init__.py
Symlinking /home/carlos/bebop_ws/devel/share/common-lisp/ros/planning_msgs/msg/PolynomialSegment4D.lisp
Symlinking /home/carlos/bebop_ws/devel/share/common-lisp/ros/planning_msgs/msg/_package.lisp
Symlinking /home/carlos/bebop_ws/devel/share/common-lisp/ros/planning_msgs/msg/_package_PolynomialSegment4D.lisp
Symlinking /home/carlos/bebop_ws/devel/share/common-lisp/ros/planning_msgs/msg/planning_msgs-msg.asd
Symlinking /home/carlos/bebop_ws/devel/share/common-lisp/ros/planning_msgs/msg/_package_PolynomialTrajectory4D.lisp
Symlinking /home/carlos/bebop_ws/devel/share/common-lisp/ros/planning_msgs/msg/PointCloudWithPose.lisp
Symlinking /home/carlos/bebop_ws/devel/share/common-lisp/ros/planning_msgs/msg/PolynomialTrajectory4D.lisp
Symlinking /home/carlos/bebop_ws/devel/share/common-lisp/ros/planning_msgs/msg/_package_PointCloudWithPose.lisp
Symlinking /home/carlos/bebop_ws/devel/share/common-lisp/ros/planning_msgs/srv/_package.lisp
Symlinking /home/carlos/bebop_ws/devel/share/common-lisp/ros/planning_msgs/srv/_package_PlannerService.lisp
Symlinking /home/carlos/bebop_ws/devel/share/common-lisp/ros/planning_msgs/srv/PlannerService.lisp
Symlinking /home/carlos/bebop_ws/devel/share/common-lisp/ros/planning_msgs/srv/planning_msgs-srv.asd
Symlinking /home/carlos/bebop_ws/devel/share/planning_msgs/cmake/planning_msgsConfig.cmake
Symlinking /home/carlos/bebop_ws/devel/share/planning_msgs/cmake/planning_msgsConfig-version.cmake
Symlinking /home/carlos/bebop_ws/devel/share/planning_msgs/cmake/planning_msgs-msg-extras.cmake
Symlinking /home/carlos/bebop_ws/devel/share/planning_msgs/cmake/planning_msgs-msg-paths.cmake
Symlinking /home/carlos/bebop_ws/devel/share/roseus/ros/planning_msgs/manifest.l
Symlinking /home/carlos/bebop_ws/devel/share/roseus/ros/planning_msgs/msg/PointCloudWithPose.l
Symlinking /home/carlos/bebop_ws/devel/share/roseus/ros/planning_msgs/msg/PolynomialSegment4D.l
Symlinking /home/carlos/bebop_ws/devel/share/roseus/ros/planning_msgs/msg/PolynomialTrajectory4D.l
Symlinking /home/carlos/bebop_ws/devel/share/roseus/ros/planning_msgs/srv/PlannerService.l
Symlinking /home/carlos/bebop_ws/devel/share/gennodejs/ros/planning_msgs/_index.js
Symlinking /home/carlos/bebop_ws/devel/share/gennodejs/ros/planning_msgs/msg/PolynomialTrajectory4D.js
Symlinking /home/carlos/bebop_ws/devel/share/gennodejs/ros/planning_msgs/msg/PolynomialSegment4D.js
Symlinking /home/carlos/bebop_ws/devel/share/gennodejs/ros/planning_msgs/msg/_index.js
Symlinking /home/carlos/bebop_ws/devel/share/gennodejs/ros/planning_msgs/msg/PointCloudWithPose.js
Symlinking /home/carlos/bebop_ws/devel/share/gennodejs/ros/planning_msgs/srv/PlannerService.js
Symlinking /home/carlos/bebop_ws/devel/share/gennodejs/ros/planning_msgs/srv/_index.js
Symlinking /home/carlos/bebop_ws/devel/include/planning_msgs/PolynomialTrajectory4D.h
Symlinking /home/carlos/bebop_ws/devel/include/planning_msgs/PolynomialSegment4D.h
Symlinking /home/carlos/bebop_ws/devel/include/planning_msgs/PlannerServiceResponse.h
Symlinking /home/carlos/bebop_ws/devel/include/planning_msgs/PointCloudWithPose.h
Symlinking /home/carlos/bebop_ws/devel/include/planning_msgs/PlannerService.h
Symlinking /home/carlos/bebop_ws/devel/include/planning_msgs/PlannerServiceRequest.h
