Determining if the pthread_create exist failed with the following output:
Change Dir: /home/carlos/bebop_ws/build/rotors_gazebo/CMakeFiles/CMakeTmp

Run Build Command:"/usr/bin/make" "cmTC_208c6/fast"
/usr/bin/make -f CMakeFiles/cmTC_208c6.dir/build.make CMakeFiles/cmTC_208c6.dir/build
make[1]: se entra en el directorio '/home/carlos/bebop_ws/build/rotors_gazebo/CMakeFiles/CMakeTmp'
Building C object CMakeFiles/cmTC_208c6.dir/CheckSymbolExists.c.o
/usr/bin/cc     -o CMakeFiles/cmTC_208c6.dir/CheckSymbolExists.c.o   -c /home/carlos/bebop_ws/build/rotors_gazebo/CMakeFiles/CMakeTmp/CheckSymbolExists.c
Linking C executable cmTC_208c6
/usr/bin/cmake -E cmake_link_script CMakeFiles/cmTC_208c6.dir/link.txt --verbose=1
/usr/bin/cc       CMakeFiles/cmTC_208c6.dir/CheckSymbolExists.c.o  -o cmTC_208c6 -rdynamic 
CMakeFiles/cmTC_208c6.dir/CheckSymbolExists.c.o: En la función `main':
CheckSymbolExists.c:(.text+0x16): referencia a `pthread_create' sin definir
collect2: error: ld returned 1 exit status
CMakeFiles/cmTC_208c6.dir/build.make:97: fallo en las instrucciones para el objetivo 'cmTC_208c6'
make[1]: *** [cmTC_208c6] Error 1
make[1]: se sale del directorio '/home/carlos/bebop_ws/build/rotors_gazebo/CMakeFiles/CMakeTmp'
Makefile:126: fallo en las instrucciones para el objetivo 'cmTC_208c6/fast'
make: *** [cmTC_208c6/fast] Error 2

File /home/carlos/bebop_ws/build/rotors_gazebo/CMakeFiles/CMakeTmp/CheckSymbolExists.c:
/* */
#include <pthread.h>

int main(int argc, char** argv)
{
  (void)argv;
#ifndef pthread_create
  return ((int*)(&pthread_create))[argc];
#else
  (void)argc;
  return 0;
#endif
}

Determining if the function pthread_create exists in the pthreads failed with the following output:
Change Dir: /home/carlos/bebop_ws/build/rotors_gazebo/CMakeFiles/CMakeTmp

Run Build Command:"/usr/bin/make" "cmTC_ddf52/fast"
/usr/bin/make -f CMakeFiles/cmTC_ddf52.dir/build.make CMakeFiles/cmTC_ddf52.dir/build
make[1]: se entra en el directorio '/home/carlos/bebop_ws/build/rotors_gazebo/CMakeFiles/CMakeTmp'
Building C object CMakeFiles/cmTC_ddf52.dir/CheckFunctionExists.c.o
/usr/bin/cc    -DCHECK_FUNCTION_EXISTS=pthread_create   -o CMakeFiles/cmTC_ddf52.dir/CheckFunctionExists.c.o   -c /usr/share/cmake-3.5/Modules/CheckFunctionExists.c
Linking C executable cmTC_ddf52
/usr/bin/cmake -E cmake_link_script CMakeFiles/cmTC_ddf52.dir/link.txt --verbose=1
/usr/bin/cc   -DCHECK_FUNCTION_EXISTS=pthread_create    CMakeFiles/cmTC_ddf52.dir/CheckFunctionExists.c.o  -o cmTC_ddf52 -rdynamic -lpthreads 
/usr/bin/ld: no se puede encontrar -lpthreads
collect2: error: ld returned 1 exit status
CMakeFiles/cmTC_ddf52.dir/build.make:97: fallo en las instrucciones para el objetivo 'cmTC_ddf52'
make[1]: *** [cmTC_ddf52] Error 1
make[1]: se sale del directorio '/home/carlos/bebop_ws/build/rotors_gazebo/CMakeFiles/CMakeTmp'
Makefile:126: fallo en las instrucciones para el objetivo 'cmTC_ddf52/fast'
make: *** [cmTC_ddf52/fast] Error 2


