Determining if the pthread_create exist failed with the following output:
Change Dir: /home/carlos/bebop_ws/build/planning_msgs/CMakeFiles/CMakeTmp

Run Build Command:"/usr/bin/make" "cmTC_f636d/fast"
/usr/bin/make -f CMakeFiles/cmTC_f636d.dir/build.make CMakeFiles/cmTC_f636d.dir/build
make[1]: se entra en el directorio '/home/carlos/bebop_ws/build/planning_msgs/CMakeFiles/CMakeTmp'
Building C object CMakeFiles/cmTC_f636d.dir/CheckSymbolExists.c.o
/usr/bin/cc     -o CMakeFiles/cmTC_f636d.dir/CheckSymbolExists.c.o   -c /home/carlos/bebop_ws/build/planning_msgs/CMakeFiles/CMakeTmp/CheckSymbolExists.c
Linking C executable cmTC_f636d
/usr/bin/cmake -E cmake_link_script CMakeFiles/cmTC_f636d.dir/link.txt --verbose=1
/usr/bin/cc       CMakeFiles/cmTC_f636d.dir/CheckSymbolExists.c.o  -o cmTC_f636d -rdynamic 
CMakeFiles/cmTC_f636d.dir/CheckSymbolExists.c.o: En la función `main':
CheckSymbolExists.c:(.text+0x16): referencia a `pthread_create' sin definir
collect2: error: ld returned 1 exit status
CMakeFiles/cmTC_f636d.dir/build.make:97: fallo en las instrucciones para el objetivo 'cmTC_f636d'
make[1]: *** [cmTC_f636d] Error 1
make[1]: se sale del directorio '/home/carlos/bebop_ws/build/planning_msgs/CMakeFiles/CMakeTmp'
Makefile:126: fallo en las instrucciones para el objetivo 'cmTC_f636d/fast'
make: *** [cmTC_f636d/fast] Error 2

File /home/carlos/bebop_ws/build/planning_msgs/CMakeFiles/CMakeTmp/CheckSymbolExists.c:
/* */
#include <pthread.h>

int main(int argc, char** argv)
{
  (void)argv;
#ifndef pthread_create
  return ((int*)(&pthread_create))[argc];
#else
  (void)argc;
  return 0;
#endif
}

Determining if the function pthread_create exists in the pthreads failed with the following output:
Change Dir: /home/carlos/bebop_ws/build/planning_msgs/CMakeFiles/CMakeTmp

Run Build Command:"/usr/bin/make" "cmTC_74101/fast"
/usr/bin/make -f CMakeFiles/cmTC_74101.dir/build.make CMakeFiles/cmTC_74101.dir/build
make[1]: se entra en el directorio '/home/carlos/bebop_ws/build/planning_msgs/CMakeFiles/CMakeTmp'
Building C object CMakeFiles/cmTC_74101.dir/CheckFunctionExists.c.o
/usr/bin/cc    -DCHECK_FUNCTION_EXISTS=pthread_create   -o CMakeFiles/cmTC_74101.dir/CheckFunctionExists.c.o   -c /usr/share/cmake-3.5/Modules/CheckFunctionExists.c
Linking C executable cmTC_74101
/usr/bin/cmake -E cmake_link_script CMakeFiles/cmTC_74101.dir/link.txt --verbose=1
/usr/bin/cc   -DCHECK_FUNCTION_EXISTS=pthread_create    CMakeFiles/cmTC_74101.dir/CheckFunctionExists.c.o  -o cmTC_74101 -rdynamic -lpthreads 
/usr/bin/ld: no se puede encontrar -lpthreads
collect2: error: ld returned 1 exit status
CMakeFiles/cmTC_74101.dir/build.make:97: fallo en las instrucciones para el objetivo 'cmTC_74101'
make[1]: *** [cmTC_74101] Error 1
make[1]: se sale del directorio '/home/carlos/bebop_ws/build/planning_msgs/CMakeFiles/CMakeTmp'
Makefile:126: fallo en las instrucciones para el objetivo 'cmTC_74101/fast'
make: *** [cmTC_74101/fast] Error 2


