Determining if the pthread_create exist failed with the following output:
Change Dir: /home/carlos/bebop_ws/build/rotors_description/CMakeFiles/CMakeTmp

Run Build Command:"/usr/bin/make" "cmTC_af393/fast"
/usr/bin/make -f CMakeFiles/cmTC_af393.dir/build.make CMakeFiles/cmTC_af393.dir/build
make[1]: se entra en el directorio '/home/carlos/bebop_ws/build/rotors_description/CMakeFiles/CMakeTmp'
Building C object CMakeFiles/cmTC_af393.dir/CheckSymbolExists.c.o
/usr/bin/cc     -o CMakeFiles/cmTC_af393.dir/CheckSymbolExists.c.o   -c /home/carlos/bebop_ws/build/rotors_description/CMakeFiles/CMakeTmp/CheckSymbolExists.c
Linking C executable cmTC_af393
/usr/bin/cmake -E cmake_link_script CMakeFiles/cmTC_af393.dir/link.txt --verbose=1
/usr/bin/cc       CMakeFiles/cmTC_af393.dir/CheckSymbolExists.c.o  -o cmTC_af393 -rdynamic 
CMakeFiles/cmTC_af393.dir/CheckSymbolExists.c.o: En la función `main':
CheckSymbolExists.c:(.text+0x16): referencia a `pthread_create' sin definir
collect2: error: ld returned 1 exit status
CMakeFiles/cmTC_af393.dir/build.make:97: fallo en las instrucciones para el objetivo 'cmTC_af393'
make[1]: *** [cmTC_af393] Error 1
make[1]: se sale del directorio '/home/carlos/bebop_ws/build/rotors_description/CMakeFiles/CMakeTmp'
Makefile:126: fallo en las instrucciones para el objetivo 'cmTC_af393/fast'
make: *** [cmTC_af393/fast] Error 2

File /home/carlos/bebop_ws/build/rotors_description/CMakeFiles/CMakeTmp/CheckSymbolExists.c:
/* */
#include <pthread.h>

int main(int argc, char** argv)
{
  (void)argv;
#ifndef pthread_create
  return ((int*)(&pthread_create))[argc];
#else
  (void)argc;
  return 0;
#endif
}

Determining if the function pthread_create exists in the pthreads failed with the following output:
Change Dir: /home/carlos/bebop_ws/build/rotors_description/CMakeFiles/CMakeTmp

Run Build Command:"/usr/bin/make" "cmTC_792cf/fast"
/usr/bin/make -f CMakeFiles/cmTC_792cf.dir/build.make CMakeFiles/cmTC_792cf.dir/build
make[1]: se entra en el directorio '/home/carlos/bebop_ws/build/rotors_description/CMakeFiles/CMakeTmp'
Building C object CMakeFiles/cmTC_792cf.dir/CheckFunctionExists.c.o
/usr/bin/cc    -DCHECK_FUNCTION_EXISTS=pthread_create   -o CMakeFiles/cmTC_792cf.dir/CheckFunctionExists.c.o   -c /usr/share/cmake-3.5/Modules/CheckFunctionExists.c
Linking C executable cmTC_792cf
/usr/bin/cmake -E cmake_link_script CMakeFiles/cmTC_792cf.dir/link.txt --verbose=1
/usr/bin/cc   -DCHECK_FUNCTION_EXISTS=pthread_create    CMakeFiles/cmTC_792cf.dir/CheckFunctionExists.c.o  -o cmTC_792cf -rdynamic -lpthreads 
/usr/bin/ld: no se puede encontrar -lpthreads
collect2: error: ld returned 1 exit status
CMakeFiles/cmTC_792cf.dir/build.make:97: fallo en las instrucciones para el objetivo 'cmTC_792cf'
make[1]: *** [cmTC_792cf] Error 1
make[1]: se sale del directorio '/home/carlos/bebop_ws/build/rotors_description/CMakeFiles/CMakeTmp'
Makefile:126: fallo en las instrucciones para el objetivo 'cmTC_792cf/fast'
make: *** [cmTC_792cf/fast] Error 2


