Determining if the pthread_create exist failed with the following output:
Change Dir: /home/carlos/bebop_ws/build/pid/CMakeFiles/CMakeTmp

Run Build Command:"/usr/bin/make" "cmTC_3a206/fast"
/usr/bin/make -f CMakeFiles/cmTC_3a206.dir/build.make CMakeFiles/cmTC_3a206.dir/build
make[1]: se entra en el directorio '/home/carlos/bebop_ws/build/pid/CMakeFiles/CMakeTmp'
Building C object CMakeFiles/cmTC_3a206.dir/CheckSymbolExists.c.o
/usr/bin/cc     -o CMakeFiles/cmTC_3a206.dir/CheckSymbolExists.c.o   -c /home/carlos/bebop_ws/build/pid/CMakeFiles/CMakeTmp/CheckSymbolExists.c
Linking C executable cmTC_3a206
/usr/bin/cmake -E cmake_link_script CMakeFiles/cmTC_3a206.dir/link.txt --verbose=1
/usr/bin/cc       CMakeFiles/cmTC_3a206.dir/CheckSymbolExists.c.o  -o cmTC_3a206 -rdynamic 
CMakeFiles/cmTC_3a206.dir/CheckSymbolExists.c.o: En la función `main':
CheckSymbolExists.c:(.text+0x16): referencia a `pthread_create' sin definir
collect2: error: ld returned 1 exit status
CMakeFiles/cmTC_3a206.dir/build.make:97: fallo en las instrucciones para el objetivo 'cmTC_3a206'
make[1]: *** [cmTC_3a206] Error 1
make[1]: se sale del directorio '/home/carlos/bebop_ws/build/pid/CMakeFiles/CMakeTmp'
Makefile:126: fallo en las instrucciones para el objetivo 'cmTC_3a206/fast'
make: *** [cmTC_3a206/fast] Error 2

File /home/carlos/bebop_ws/build/pid/CMakeFiles/CMakeTmp/CheckSymbolExists.c:
/* */
#include <pthread.h>

int main(int argc, char** argv)
{
  (void)argv;
#ifndef pthread_create
  return ((int*)(&pthread_create))[argc];
#else
  (void)argc;
  return 0;
#endif
}

Determining if the function pthread_create exists in the pthreads failed with the following output:
Change Dir: /home/carlos/bebop_ws/build/pid/CMakeFiles/CMakeTmp

Run Build Command:"/usr/bin/make" "cmTC_73a13/fast"
/usr/bin/make -f CMakeFiles/cmTC_73a13.dir/build.make CMakeFiles/cmTC_73a13.dir/build
make[1]: se entra en el directorio '/home/carlos/bebop_ws/build/pid/CMakeFiles/CMakeTmp'
Building C object CMakeFiles/cmTC_73a13.dir/CheckFunctionExists.c.o
/usr/bin/cc    -DCHECK_FUNCTION_EXISTS=pthread_create   -o CMakeFiles/cmTC_73a13.dir/CheckFunctionExists.c.o   -c /usr/share/cmake-3.5/Modules/CheckFunctionExists.c
Linking C executable cmTC_73a13
/usr/bin/cmake -E cmake_link_script CMakeFiles/cmTC_73a13.dir/link.txt --verbose=1
/usr/bin/cc   -DCHECK_FUNCTION_EXISTS=pthread_create    CMakeFiles/cmTC_73a13.dir/CheckFunctionExists.c.o  -o cmTC_73a13 -rdynamic -lpthreads 
/usr/bin/ld: no se puede encontrar -lpthreads
collect2: error: ld returned 1 exit status
CMakeFiles/cmTC_73a13.dir/build.make:97: fallo en las instrucciones para el objetivo 'cmTC_73a13'
make[1]: *** [cmTC_73a13] Error 1
make[1]: se sale del directorio '/home/carlos/bebop_ws/build/pid/CMakeFiles/CMakeTmp'
Makefile:126: fallo en las instrucciones para el objetivo 'cmTC_73a13/fast'
make: *** [cmTC_73a13/fast] Error 2


